 
****************************************
Report : timing
        -path full
        -delay min
        -max_paths 1
Design : UART
Version: M-2016.12
Date   : Tue Nov  7 00:00:51 2017
****************************************

Operating Conditions: NCCOM   Library: tcbn40lpbwptc
Wire Load Model Mode: segmented

  Startpoint: iRX/rx_ff1_reg
              (rising edge-triggered flip-flop clocked by clk)
  Endpoint: iRX/rx_ff2_reg
            (rising edge-triggered flip-flop clocked by clk)
  Path Group: clk
  Path Type: min

  Des/Clust/Port     Wire Load Model       Library
  ------------------------------------------------
  UART               TSMC32K_Lowk_Conservative
                                           tcbn40lpbwptc

  Point                                    Incr       Path
  -----------------------------------------------------------
  clock clk (rise edge)                    0.00       0.00
  clock network delay (ideal)              0.00       0.00
  iRX/rx_ff1_reg/CP (DFSNQD1BWP)           0.00       0.00 r
  iRX/rx_ff1_reg/Q (DFSNQD1BWP)            0.12       0.12 f
  iRX/rx_ff2_reg/D (DFSNQD1BWP)            0.00       0.12 f
  data arrival time                                   0.12

  clock clk (rise edge)                    0.00       0.00
  clock network delay (ideal)              0.00       0.00
  iRX/rx_ff2_reg/CP (DFSNQD1BWP)           0.00       0.00 r
  library hold time                        0.02       0.02
  data required time                                  0.02
  -----------------------------------------------------------
  data required time                                  0.02
  data arrival time                                  -0.12
  -----------------------------------------------------------
  slack (MET)                                         0.09


1
